<?xml version="1.0" encoding="UTF-8"?>
<testsuite xmlns:xsi="http://www.w3.org/2001/XMLSchema-instance" xsi:noNamespaceSchemaLocation="https://maven.apache.org/surefire/maven-surefire-plugin/xsd/surefire-test-report-3.0.xsd" version="3.0" name="it.uniroma2.dicii.isw2.jcs.paramTests.RemovalTestUtil" time="0" tests="2" errors="0" skipped="0" failures="0">
  <properties>
[...]
</properties>
  <testcase name="runRemovalTests[0]" classname="it.uniroma2.dicii.isw2.jcs.paramTests.RemovalTestUtil" time="0">
    <system-out><![CDATA[Confirmed that 5 items could be found
Confirmed that 5 items were removed
Region Name = testCache1
HitCountRam = 7
HitCountAux = 0
---------------------------LRU Memory Cache
List Size = 1
Map Size = 1
Put Count = 7
Hit Count = 7
Miss Count = 6
]]></system-out>
  </testcase>
  <testcase name="runRemovalTests[1]" classname="it.uniroma2.dicii.isw2.jcs.paramTests.RemovalTestUtil" time="0">
    <system-out><![CDATA[Confirmed that 9 items could be found
Confirmed that 9 items were removed
Region Name = testCache1
HitCountRam = 29
HitCountAux = 0
---------------------------LRU Memory Cache
List Size = 2
Map Size = 2
Put Count = 23
Hit Count = 29
Miss Count = 16
]]></system-out>
  </testcase>
</testsuite>